This file contains any messages produced by compilers while
running configure, to aid debugging if configure makes a mistake.

It was created by configure, which was
generated by GNU Autoconf 2.69.  Invocation command line was

  $ ./configure 

## --------- ##
## Platform. ##
## --------- ##

hostname = ip-10-0-1-118
uname -m = x86_64
uname -r = 4.4.0-1109-aws
uname -s = Linux
uname -v = #120-Ubuntu SMP Fri Jun 5 01:26:57 UTC 2020

/usr/bin/uname -p = unknown
/bin/uname -X     = unknown

/bin/arch              = unknown
/usr/bin/arch -k       = unknown
/usr/convex/getsysinfo = unknown
/usr/bin/hostinfo      = unknown
/bin/machine           = unknown
/usr/bin/oslevel       = unknown
/bin/universe          = unknown

PATH: /usr/local/sbin
PATH: /usr/local/bin
PATH: /usr/sbin
PATH: /usr/bin
PATH: /sbin
PATH: /bin
PATH: /snap/bin


## ----------- ##
## Core tests. ##
## ----------- ##

configure:2184: checking for grep that handles long lines and -e
configure:2242: result: /bin/grep
configure:2247: checking for egrep
configure:2309: result: /bin/grep -E
configure:2314: checking for a sed that does not truncate output
configure:2378: result: /bin/sed
configure:2517: checking for cc
configure:2533: found /usr/bin/cc
configure:2544: result: cc
configure:2575: checking for C compiler version
configure:2584: cc --version >&5
cc (Ubuntu 5.4.0-6ubuntu1~16.04.12) 5.4.0 20160609
Copyright (C) 2015 Free Software Foundation, Inc.
This is free software; see the source for copying conditions.  There is NO
warranty; not even for MERCHANTABILITY or FITNESS FOR A PARTICULAR PURPOSE.

configure:2595: $? = 0
configure:2584: cc -v >&5
Using built-in specs.
COLLECT_GCC=cc
COLLECT_LTO_WRAPPER=/usr/lib/gcc/x86_64-linux-gnu/5/lto-wrapper
Target: x86_64-linux-gnu
Configured with: ../src/configure -v --with-pkgversion='Ubuntu 5.4.0-6ubuntu1~16.04.12' --with-bugurl=file:///usr/share/doc/gcc-5/README.Bugs --enable-languages=c,ada,c++,java,go,d,fortran,objc,obj-c++ --prefix=/usr --program-suffix=-5 --enable-shared --enable-linker-build-id --libexecdir=/usr/lib --without-included-gettext --enable-threads=posix --libdir=/usr/lib --enable-nls --with-sysroot=/ --enable-clocale=gnu --enable-libstdcxx-debug --enable-libstdcxx-time=yes --with-default-libstdcxx-abi=new --enable-gnu-unique-object --disable-vtable-verify --enable-libmpx --enable-plugin --with-system-zlib --disable-browser-plugin --enable-java-awt=gtk --enable-gtk-cairo --with-java-home=/usr/lib/jvm/java-1.5.0-gcj-5-amd64/jre --enable-java-home --with-jvm-root-dir=/usr/lib/jvm/java-1.5.0-gcj-5-amd64 --with-jvm-jar-dir=/usr/lib/jvm-exports/java-1.5.0-gcj-5-amd64 --with-arch-directory=amd64 --with-ecj-jar=/usr/share/java/eclipse-ecj.jar --enable-objc-gc --enable-multiarch --disable-werror --with-arch-32=i686 --with-abi=m64 --with-multilib-list=m32,m64,mx32 --enable-multilib --with-tune=generic --enable-checking=release --build=x86_64-linux-gnu --host=x86_64-linux-gnu --target=x86_64-linux-gnu
Thread model: posix
gcc version 5.4.0 20160609 (Ubuntu 5.4.0-6ubuntu1~16.04.12) 
configure:2595: $? = 0
configure:2584: cc -V >&5
cc: error: unrecognized command line option '-V'
cc: fatal error: no input files
compilation terminated.
configure:2595: $? = 1
configure:2584: cc -qversion >&5
cc: error: unrecognized command line option '-qversion'
cc: fatal error: no input files
compilation terminated.
configure:2595: $? = 1
configure:2615: checking whether the C compiler works
configure:2637: cc    conftest.c  >&5
configure:2641: $? = 0
configure:2689: result: yes
configure:2692: checking for C compiler default output file name
configure:2694: result: a.out
configure:2700: checking for suffix of executables
configure:2707: cc -o conftest    conftest.c  >&5
configure:2711: $? = 0
configure:2733: result: 
configure:2755: checking whether we are cross compiling
configure:2763: cc -o conftest    conftest.c  >&5
configure:2767: $? = 0
configure:2774: ./conftest
configure:2778: $? = 0
configure:2793: result: no
configure:2798: checking for suffix of object files
configure:2820: cc -c   conftest.c >&5
configure:2824: $? = 0
configure:2845: result: o
configure:2849: checking whether we are using the GNU C compiler
configure:2868: cc -c   conftest.c >&5
configure:2868: $? = 0
configure:2877: result: yes
configure:2886: checking whether cc accepts -g
configure:2906: cc -c -g  conftest.c >&5
configure:2906: $? = 0
configure:2947: result: yes
configure:2964: checking for cc option to accept ISO C89
configure:3027: cc  -c -g -O2  conftest.c >&5
configure:3027: $? = 0
configure:3040: result: none needed
configure:3066: checking how to run the C preprocessor
configure:3097: cc -E  conftest.c
configure:3097: $? = 0
configure:3111: cc -E  conftest.c
conftest.c:9:28: fatal error: ac_nonexistent.h: No such file or directory
compilation terminated.
configure:3111: $? = 1
configure: failed program was:
| /* confdefs.h */
| #define PACKAGE_NAME ""
| #define PACKAGE_TARNAME ""
| #define PACKAGE_VERSION ""
| #define PACKAGE_STRING ""
| #define PACKAGE_BUGREPORT ""
| #define PACKAGE_URL ""
| /* end confdefs.h.  */
| #include <ac_nonexistent.h>
configure:3136: result: cc -E
configure:3156: cc -E  conftest.c
configure:3156: $? = 0
configure:3170: cc -E  conftest.c
conftest.c:9:28: fatal error: ac_nonexistent.h: No such file or directory
compilation terminated.
configure:3170: $? = 1
configure: failed program was:
| /* confdefs.h */
| #define PACKAGE_NAME ""
| #define PACKAGE_TARNAME ""
| #define PACKAGE_VERSION ""
| #define PACKAGE_STRING ""
| #define PACKAGE_BUGREPORT ""
| #define PACKAGE_URL ""
| /* end confdefs.h.  */
| #include <ac_nonexistent.h>
configure:3201: checking for icc
configure:3210: result: no
configure:3224: checking for suncc
configure:3233: result: no
configure:3251: checking whether cc understands -c and -o together
configure:3279: cc -c conftest.c -o conftest2.o >&5
configure:3283: $? = 0
configure:3289: cc -c conftest.c -o conftest2.o >&5
configure:3293: $? = 0
configure:3348: result: yes
configure:3362: checking for system library directory
configure:3377: result: lib
configure:3384: checking if compiler supports -R
configure:3403: cc -o conftest -g -O2   conftest.c -R /usr/lib  >&5
cc: error: unrecognized command line option '-R'
configure:3403: $? = 1
configure: failed program was:
| /* confdefs.h */
| #define PACKAGE_NAME ""
| #define PACKAGE_TARNAME ""
| #define PACKAGE_VERSION ""
| #define PACKAGE_STRING ""
| #define PACKAGE_BUGREPORT ""
| #define PACKAGE_URL ""
| /* end confdefs.h.  */
| 
| int
| main ()
| {
| 
|   ;
|   return 0;
| }
configure:3413: result: no
configure:3418: checking if compiler supports -Wl,-rpath,
configure:3437: cc -o conftest -g -O2   conftest.c -Wl,-rpath,/usr/lib  >&5
configure:3437: $? = 0
configure:3447: result: yes
configure:3492: checking build system type
configure:3506: result: x86_64-pc-linux-gnu
configure:3526: checking host system type
configure:3539: result: x86_64-pc-linux-gnu
configure:3559: checking target system type
configure:3572: result: x86_64-pc-linux-gnu
configure:3675: checking for PHP prefix
configure:3677: result: /usr
configure:3679: checking for PHP includes
configure:3681: result: -I/usr/include/php/20151012 -I/usr/include/php/20151012/main -I/usr/include/php/20151012/TSRM -I/usr/include/php/20151012/Zend -I/usr/include/php/20151012/ext -I/usr/include/php/20151012/ext/date/lib
configure:3683: checking for PHP extension directory
configure:3685: result: /usr/lib/php/20151012
configure:3687: checking for PHP installed headers prefix
configure:3689: result: /usr/include/php/20151012
configure:3692: checking if debug is enabled
configure:3718: result: no
configure:3721: checking if zts is enabled
configure:3747: result: no
configure:3818: checking for re2c
configure:3848: result: no
configure:3873: WARNING: You will need re2c 0.13.4 or later if you want to regenerate PHP parsers.
configure:3887: checking for gawk
configure:3904: found /usr/bin/gawk
configure:3915: result: gawk
configure:3959: checking whether to enable Xdebug support
configure:3998: result: yes, shared
configure:4005: checking Check for supported PHP versions
configure:4015: result: supported (7.0.33-29+ubuntu16.04.1+deb.sury.org+1)
configure:4029: checking for gettimeofday
configure:4029: cc -o conftest -g -O2 -I/usr/include/php/20151012 -I/usr/include/php/20151012/main -I/usr/include/php/20151012/TSRM -I/usr/include/php/20151012/Zend -I/usr/include/php/20151012/ext -I/usr/include/php/20151012/ext/date/lib   conftest.c  >&5
configure:4029: $? = 0
configure:4029: result: yes
configure:4038: checking for ANSI C header files
configure:4058: cc -c -g -O2 -I/usr/include/php/20151012 -I/usr/include/php/20151012/main -I/usr/include/php/20151012/TSRM -I/usr/include/php/20151012/Zend -I/usr/include/php/20151012/ext -I/usr/include/php/20151012/ext/date/lib  conftest.c >&5
configure:4058: $? = 0
configure:4131: cc -o conftest -g -O2 -I/usr/include/php/20151012 -I/usr/include/php/20151012/main -I/usr/include/php/20151012/TSRM -I/usr/include/php/20151012/Zend -I/usr/include/php/20151012/ext -I/usr/include/php/20151012/ext/date/lib   conftest.c  >&5
configure:4131: $? = 0
configure:4131: ./conftest
configure:4131: $? = 0
configure:4142: result: yes
configure:4155: checking for sys/types.h
configure:4155: cc -c -g -O2 -I/usr/include/php/20151012 -I/usr/include/php/20151012/main -I/usr/include/php/20151012/TSRM -I/usr/include/php/20151012/Zend -I/usr/include/php/20151012/ext -I/usr/include/php/20151012/ext/date/lib  conftest.c >&5
configure:4155: $? = 0
configure:4155: result: yes
configure:4155: checking for sys/stat.h
configure:4155: cc -c -g -O2 -I/usr/include/php/20151012 -I/usr/include/php/20151012/main -I/usr/include/php/20151012/TSRM -I/usr/include/php/20151012/Zend -I/usr/include/php/20151012/ext -I/usr/include/php/20151012/ext/date/lib  conftest.c >&5
configure:4155: $? = 0
configure:4155: result: yes
configure:4155: checking for stdlib.h
configure:4155: cc -c -g -O2 -I/usr/include/php/20151012 -I/usr/include/php/20151012/main -I/usr/include/php/20151012/TSRM -I/usr/include/php/20151012/Zend -I/usr/include/php/20151012/ext -I/usr/include/php/20151012/ext/date/lib  conftest.c >&5
configure:4155: $? = 0
configure:4155: result: yes
configure:4155: checking for string.h
configure:4155: cc -c -g -O2 -I/usr/include/php/20151012 -I/usr/include/php/20151012/main -I/usr/include/php/20151012/TSRM -I/usr/include/php/20151012/Zend -I/usr/include/php/20151012/ext -I/usr/include/php/20151012/ext/date/lib  conftest.c >&5
configure:4155: $? = 0
configure:4155: result: yes
configure:4155: checking for memory.h
configure:4155: cc -c -g -O2 -I/usr/include/php/20151012 -I/usr/include/php/20151012/main -I/usr/include/php/20151012/TSRM -I/usr/include/php/20151012/Zend -I/usr/include/php/20151012/ext -I/usr/include/php/20151012/ext/date/lib  conftest.c >&5
configure:4155: $? = 0
configure:4155: result: yes
configure:4155: checking for strings.h
configure:4155: cc -c -g -O2 -I/usr/include/php/20151012 -I/usr/include/php/20151012/main -I/usr/include/php/20151012/TSRM -I/usr/include/php/20151012/Zend -I/usr/include/php/20151012/ext -I/usr/include/php/20151012/ext/date/lib  conftest.c >&5
configure:4155: $? = 0
configure:4155: result: yes
configure:4155: checking for inttypes.h
configure:4155: cc -c -g -O2 -I/usr/include/php/20151012 -I/usr/include/php/20151012/main -I/usr/include/php/20151012/TSRM -I/usr/include/php/20151012/Zend -I/usr/include/php/20151012/ext -I/usr/include/php/20151012/ext/date/lib  conftest.c >&5
configure:4155: $? = 0
configure:4155: result: yes
configure:4155: checking for stdint.h
configure:4155: cc -c -g -O2 -I/usr/include/php/20151012 -I/usr/include/php/20151012/main -I/usr/include/php/20151012/TSRM -I/usr/include/php/20151012/Zend -I/usr/include/php/20151012/ext -I/usr/include/php/20151012/ext/date/lib  conftest.c >&5
configure:4155: $? = 0
configure:4155: result: yes
configure:4155: checking for unistd.h
configure:4155: cc -c -g -O2 -I/usr/include/php/20151012 -I/usr/include/php/20151012/main -I/usr/include/php/20151012/TSRM -I/usr/include/php/20151012/Zend -I/usr/include/php/20151012/ext -I/usr/include/php/20151012/ext/date/lib  conftest.c >&5
configure:4155: $? = 0
configure:4155: result: yes
configure:4169: checking netinet/in.h usability
configure:4169: cc -c -g -O2 -I/usr/include/php/20151012 -I/usr/include/php/20151012/main -I/usr/include/php/20151012/TSRM -I/usr/include/php/20151012/Zend -I/usr/include/php/20151012/ext -I/usr/include/php/20151012/ext/date/lib  conftest.c >&5
configure:4169: $? = 0
configure:4169: result: yes
configure:4169: checking netinet/in.h presence
configure:4169: cc -E -I/usr/include/php/20151012 -I/usr/include/php/20151012/main -I/usr/include/php/20151012/TSRM -I/usr/include/php/20151012/Zend -I/usr/include/php/20151012/ext -I/usr/include/php/20151012/ext/date/lib  conftest.c
configure:4169: $? = 0
configure:4169: result: yes
configure:4169: checking for netinet/in.h
configure:4169: result: yes
configure:4277: checking for cos in -lm
configure:4302: cc -o conftest -g -O2 -I/usr/include/php/20151012 -I/usr/include/php/20151012/main -I/usr/include/php/20151012/TSRM -I/usr/include/php/20151012/Zend -I/usr/include/php/20151012/ext -I/usr/include/php/20151012/ext/date/lib   conftest.c -lm   >&5
conftest.c:29:6: warning: conflicting types for built-in function 'cos'
 char cos ();
      ^
configure:4302: $? = 0
configure:4311: result: yes
configure:4714: checking how to print strings
configure:4741: result: printf
configure:4762: checking for a sed that does not truncate output
configure:4826: result: /bin/sed
configure:4844: checking for fgrep
configure:4906: result: /bin/grep -F
configure:4941: checking for ld used by cc
configure:5008: result: /usr/bin/ld
configure:5015: checking if the linker (/usr/bin/ld) is GNU ld
configure:5030: result: yes
configure:5042: checking for BSD- or MS-compatible name lister (nm)
configure:5096: result: /usr/bin/nm -B
configure:5226: checking the name lister (/usr/bin/nm -B) interface
configure:5233: cc -c -g -O2  conftest.c >&5
configure:5236: /usr/bin/nm -B "conftest.o"
configure:5239: output
0000000000000000 B some_variable
configure:5246: result: BSD nm
configure:5249: checking whether ln -s works
configure:5253: result: yes
configure:5261: checking the maximum length of command line arguments
configure:5392: result: 1572864
configure:5440: checking how to convert x86_64-pc-linux-gnu file names to x86_64-pc-linux-gnu format
configure:5480: result: func_convert_file_noop
configure:5487: checking how to convert x86_64-pc-linux-gnu file names to toolchain format
configure:5507: result: func_convert_file_noop
configure:5514: checking for /usr/bin/ld option to reload object files
configure:5521: result: -r
configure:5595: checking for objdump
configure:5611: found /usr/bin/objdump
configure:5622: result: objdump
configure:5654: checking how to recognize dependent libraries
configure:5854: result: pass_all
configure:5939: checking for dlltool
configure:5969: result: no
configure:5999: checking how to associate runtime and link libraries
configure:6026: result: printf %s\n
configure:6086: checking for ar
configure:6102: found /usr/bin/ar
configure:6113: result: ar
configure:6150: checking for archiver @FILE support
configure:6167: cc -c -g -O2  conftest.c >&5
configure:6167: $? = 0
configure:6170: ar cru libconftest.a @conftest.lst >&5
ar: `u' modifier ignored since `D' is the default (see `U')
configure:6173: $? = 0
configure:6178: ar cru libconftest.a @conftest.lst >&5
ar: `u' modifier ignored since `D' is the default (see `U')
ar: conftest.o: No such file or directory
configure:6181: $? = 1
configure:6193: result: @
configure:6251: checking for strip
configure:6267: found /usr/bin/strip
configure:6278: result: strip
configure:6350: checking for ranlib
configure:6366: found /usr/bin/ranlib
configure:6377: result: ranlib
configure:6454: checking for gawk
configure:6481: result: gawk
configure:6521: checking command to parse /usr/bin/nm -B output from cc object
configure:6674: cc -c -g -O2  conftest.c >&5
configure:6677: $? = 0
configure:6681: /usr/bin/nm -B conftest.o \| sed -n -e 's/^.*[ ]\([ABCDGIRSTW][ABCDGIRSTW]*\)[ ][ ]*\([_A-Za-z][_A-Za-z0-9]*\)$/\1 \2 \2/p' | sed '/ __gnu_lto/d' \> conftest.nm
configure:6684: $? = 0
configure:6750: cc -o conftest -g -O2   conftest.c conftstm.o >&5
configure:6753: $? = 0
configure:6791: result: ok
configure:6838: checking for sysroot
configure:6868: result: no
configure:6875: checking for a working dd
configure:6913: result: /bin/dd
configure:6917: checking how to truncate binary pipes
configure:6932: result: /bin/dd bs=4096 count=1
configure:7068: cc -c -g -O2  conftest.c >&5
configure:7071: $? = 0
configure:7261: checking for mt
configure:7277: found /bin/mt
configure:7288: result: mt
configure:7311: checking if mt is a manifest tool
configure:7317: mt '-?'
configure:7325: result: no
configure:7999: checking for dlfcn.h
configure:7999: cc -c -g -O2  conftest.c >&5
configure:7999: $? = 0
configure:7999: result: yes
configure:8255: checking for objdir
configure:8270: result: .libs
configure:8534: checking if cc supports -fno-rtti -fno-exceptions
configure:8552: cc -c -g -O2  -fno-rtti -fno-exceptions conftest.c >&5
cc1: warning: command line option '-fno-rtti' is valid for C++/ObjC++ but not for C
configure:8556: $? = 0
configure:8569: result: no
configure:8927: checking for cc option to produce PIC
configure:8934: result: -fPIC -DPIC
configure:8942: checking if cc PIC flag -fPIC -DPIC works
configure:8960: cc -c -g -O2  -fPIC -DPIC -DPIC conftest.c >&5
configure:8964: $? = 0
configure:8977: result: yes
configure:9006: checking if cc static flag -static works
configure:9034: result: yes
configure:9049: checking if cc supports -c -o file.o
configure:9070: cc -c -g -O2  -o out/conftest2.o conftest.c >&5
configure:9074: $? = 0
configure:9096: result: yes
configure:9104: checking if cc supports -c -o file.o
configure:9151: result: yes
configure:9184: checking whether the cc linker (/usr/bin/ld -m elf_x86_64) supports shared libraries
configure:10447: result: yes
configure:10484: checking whether -lc should be explicitly linked in
configure:10492: cc -c -g -O2  conftest.c >&5
configure:10495: $? = 0
configure:10510: cc -shared  -fPIC -DPIC conftest.o  -v -Wl,-soname -Wl,conftest -o conftest 2\>\&1 \| /bin/grep  -lc  \>/dev/null 2\>\&1
configure:10513: $? = 0
configure:10527: result: no
configure:10687: checking dynamic linker characteristics
configure:11268: cc -o conftest -g -O2   -Wl,-rpath -Wl,/foo conftest.c  >&5
configure:11268: $? = 0
configure:11517: result: GNU/Linux ld.so
configure:11639: checking how to hardcode library paths into programs
configure:11664: result: immediate
configure:12212: checking whether stripping libraries is possible
configure:12217: result: yes
configure:12252: checking if libtool supports shared libraries
configure:12254: result: yes
configure:12257: checking whether to build shared libraries
configure:12282: result: yes
configure:12285: checking whether to build static libraries
configure:12289: result: no
configure:12565: creating ./config.status

## ---------------------- ##
## Running config.status. ##
## ---------------------- ##

This file was extended by config.status, which was
generated by GNU Autoconf 2.69.  Invocation command line was

  CONFIG_FILES    = 
  CONFIG_HEADERS  = 
  CONFIG_LINKS    = 
  CONFIG_COMMANDS = 
  $ ./config.status 

on ip-10-0-1-118

config.status:891: creating config.h
config.status:995: executing libtool commands

## ---------------- ##
## Cache variables. ##
## ---------------- ##

ac_cv_build=x86_64-pc-linux-gnu
ac_cv_c_compiler_gnu=yes
ac_cv_env_CC_set=
ac_cv_env_CC_value=
ac_cv_env_CFLAGS_set=
ac_cv_env_CFLAGS_value=
ac_cv_env_CPPFLAGS_set=
ac_cv_env_CPPFLAGS_value=
ac_cv_env_CPP_set=
ac_cv_env_CPP_value=
ac_cv_env_LDFLAGS_set=
ac_cv_env_LDFLAGS_value=
ac_cv_env_LIBS_set=
ac_cv_env_LIBS_value=
ac_cv_env_LT_SYS_LIBRARY_PATH_set=
ac_cv_env_LT_SYS_LIBRARY_PATH_value=
ac_cv_env_build_alias_set=
ac_cv_env_build_alias_value=
ac_cv_env_host_alias_set=
ac_cv_env_host_alias_value=
ac_cv_env_target_alias_set=
ac_cv_env_target_alias_value=
ac_cv_func_gettimeofday=yes
ac_cv_header_dlfcn_h=yes
ac_cv_header_inttypes_h=yes
ac_cv_header_memory_h=yes
ac_cv_header_netinet_in_h=yes
ac_cv_header_stdc=yes
ac_cv_header_stdint_h=yes
ac_cv_header_stdlib_h=yes
ac_cv_header_string_h=yes
ac_cv_header_strings_h=yes
ac_cv_header_sys_stat_h=yes
ac_cv_header_sys_types_h=yes
ac_cv_header_unistd_h=yes
ac_cv_host=x86_64-pc-linux-gnu
ac_cv_lib_m_cos=yes
ac_cv_objext=o
ac_cv_path_EGREP='/bin/grep -E'
ac_cv_path_FGREP='/bin/grep -F'
ac_cv_path_GREP=/bin/grep
ac_cv_path_SED=/bin/sed
ac_cv_path_lt_DD=/bin/dd
ac_cv_prog_AWK=gawk
ac_cv_prog_CPP='cc -E'
ac_cv_prog_ac_ct_AR=ar
ac_cv_prog_ac_ct_CC=cc
ac_cv_prog_ac_ct_MANIFEST_TOOL=mt
ac_cv_prog_ac_ct_OBJDUMP=objdump
ac_cv_prog_ac_ct_RANLIB=ranlib
ac_cv_prog_ac_ct_STRIP=strip
ac_cv_prog_cc_c89=
ac_cv_prog_cc_cc_c_o=yes
ac_cv_prog_cc_g=yes
ac_cv_target=x86_64-pc-linux-gnu
lt_cv_ar_at_file=@
lt_cv_archive_cmds_need_lc=no
lt_cv_deplibs_check_method=pass_all
lt_cv_file_magic_cmd='$MAGIC_CMD'
lt_cv_file_magic_test_file=
lt_cv_ld_reload_flag=-r
lt_cv_nm_interface='BSD nm'
lt_cv_objdir=.libs
lt_cv_path_LD=/usr/bin/ld
lt_cv_path_NM='/usr/bin/nm -B'
lt_cv_path_mainfest_tool=no
lt_cv_prog_compiler_c_o=yes
lt_cv_prog_compiler_pic='-fPIC -DPIC'
lt_cv_prog_compiler_pic_works=yes
lt_cv_prog_compiler_rtti_exceptions=no
lt_cv_prog_compiler_static_works=yes
lt_cv_prog_gnu_ld=yes
lt_cv_sharedlib_from_linklib_cmd='printf %s\n'
lt_cv_shlibpath_overrides_runpath=no
lt_cv_sys_global_symbol_pipe='sed -n -e '\''s/^.*[	 ]\([ABCDGIRSTW][ABCDGIRSTW]*\)[	 ][	 ]*\([_A-Za-z][_A-Za-z0-9]*\)$/\1 \2 \2/p'\'' | sed '\''/ __gnu_lto/d'\'''
lt_cv_sys_global_symbol_to_c_name_address='sed -n -e '\''s/^: \(.*\) .*$/  {"\1", (void *) 0},/p'\'' -e '\''s/^[ABCDGIRSTW][ABCDGIRSTW]* .* \(.*\)$/  {"\1", (void *) \&\1},/p'\'''
lt_cv_sys_global_symbol_to_c_name_address_lib_prefix='sed -n -e '\''s/^: \(.*\) .*$/  {"\1", (void *) 0},/p'\'' -e '\''s/^[ABCDGIRSTW][ABCDGIRSTW]* .* \(lib.*\)$/  {"\1", (void *) \&\1},/p'\'' -e '\''s/^[ABCDGIRSTW][ABCDGIRSTW]* .* \(.*\)$/  {"lib\1", (void *) \&\1},/p'\'''
lt_cv_sys_global_symbol_to_cdecl='sed -n -e '\''s/^T .* \(.*\)$/extern int \1();/p'\'' -e '\''s/^[ABCDGIRSTW][ABCDGIRSTW]* .* \(.*\)$/extern char \1;/p'\'''
lt_cv_sys_global_symbol_to_import=
lt_cv_sys_max_cmd_len=1572864
lt_cv_to_host_file_cmd=func_convert_file_noop
lt_cv_to_tool_file_cmd=func_convert_file_noop
lt_cv_truncate_bin='/bin/dd bs=4096 count=1'
php_cv_cc_dashr=no
php_cv_cc_rpath=yes

## ----------------- ##
## Output variables. ##
## ----------------- ##

AR='ar'
AWK='gawk'
CC='cc'
CFLAGS='-g -O2'
CONFIGURE_COMMAND=' '\''./configure'\'' '
CONFIGURE_OPTIONS=''
CPP='cc -E'
CPPFLAGS=' -DHAVE_CONFIG_H'
DEFS='-DHAVE_CONFIG_H'
DLLTOOL='false'
DSYMUTIL=''
DUMPBIN=''
ECHO_C=''
ECHO_N='-n'
ECHO_T=''
EGREP='/bin/grep -E'
EXEEXT=''
FGREP='/bin/grep -F'
GREP='/bin/grep'
LD='/usr/bin/ld -m elf_x86_64'
LDFLAGS=''
LIBOBJS=''
LIBS=''
LIBTOOL='$(SHELL) $(top_builddir)/libtool'
LIPO=''
LN_S='ln -s'
LTLIBOBJS=''
LT_SYS_LIBRARY_PATH=''
MANIFEST_TOOL=':'
NM='/usr/bin/nm -B'
NMEDIT=''
OBJDUMP='objdump'
OBJEXT='o'
OTOOL64=''
OTOOL=''
PACKAGE_BUGREPORT=''
PACKAGE_NAME=''
PACKAGE_STRING=''
PACKAGE_TARNAME=''
PACKAGE_URL=''
PACKAGE_VERSION=''
PATH_SEPARATOR=':'
RANLIB='ranlib'
RE2C='exit 0;'
SED='/bin/sed'
SHELL='/bin/bash'
SHLIB_DL_SUFFIX_NAME='so'
SHLIB_SUFFIX_NAME='so'
STRIP='strip'
ac_ct_AR='ar'
ac_ct_CC='cc'
ac_ct_DUMPBIN=''
bindir='${exec_prefix}/bin'
build='x86_64-pc-linux-gnu'
build_alias=''
build_cpu='x86_64'
build_os='linux-gnu'
build_vendor='pc'
datadir='${datarootdir}'
datarootdir='${prefix}/share'
docdir='${datarootdir}/doc/${PACKAGE}'
dvidir='${docdir}'
exec_prefix='$(prefix)'
host='x86_64-pc-linux-gnu'
host_alias='x86_64-pc-linux-gnu'
host_cpu='x86_64'
host_os='linux-gnu'
host_vendor='pc'
htmldir='${docdir}'
includedir='${prefix}/include'
infodir='${datarootdir}/info'
libdir='${exec_prefix}/lib'
libexecdir='${exec_prefix}/libexec'
localedir='${datarootdir}/locale'
localstatedir='${prefix}/var'
mandir='${datarootdir}/man'
oldincludedir='/usr/include'
pdfdir='${docdir}'
prefix='/usr'
program_transform_name='s,x,x,'
psdir='${docdir}'
runstatedir='${localstatedir}/run'
sbindir='${exec_prefix}/sbin'
sharedstatedir='${prefix}/com'
sysconfdir='${prefix}/etc'
target='x86_64-pc-linux-gnu'
target_alias=''
target_cpu='x86_64'
target_os='linux-gnu'
target_vendor='pc'

## ----------- ##
## confdefs.h. ##
## ----------- ##

/* confdefs.h */
#define PACKAGE_NAME ""
#define PACKAGE_TARNAME ""
#define PACKAGE_VERSION ""
#define PACKAGE_STRING ""
#define PACKAGE_BUGREPORT ""
#define PACKAGE_URL ""
#define HAVE_XDEBUG 1
#define HAVE_GETTIMEOFDAY 1
#define STDC_HEADERS 1
#define HAVE_SYS_TYPES_H 1
#define HAVE_SYS_STAT_H 1
#define HAVE_STDLIB_H 1
#define HAVE_STRING_H 1
#define HAVE_MEMORY_H 1
#define HAVE_STRINGS_H 1
#define HAVE_INTTYPES_H 1
#define HAVE_STDINT_H 1
#define HAVE_UNISTD_H 1
#define HAVE_NETINET_IN_H 1
#define COMPILE_DL_XDEBUG 1
#define HAVE_DLFCN_H 1
#define LT_OBJDIR ".libs/"

configure: exit 0
